[35m[1mScanning dependencies of target geometry_msgs_generate_messages_lisp[0m
[35m[1mScanning dependencies of target _stereo_vision_generate_messages_check_deps_ObjectDetection[0m
[35m[1mScanning dependencies of target geometry_msgs_generate_messages_nodejs[0m
[35m[1mScanning dependencies of target std_msgs_generate_messages_lisp[0m
[35m[1mScanning dependencies of target geometry_msgs_generate_messages_py[0m
[35m[1mScanning dependencies of target std_msgs_generate_messages_nodejs[0m
[35m[1mScanning dependencies of target geometry_msgs_generate_messages_cpp[0m
[35m[1mScanning dependencies of target std_msgs_generate_messages_py[0m
[  0%] Built target geometry_msgs_generate_messages_nodejs
[  0%] Built target geometry_msgs_generate_messages_py
[  0%] Built target std_msgs_generate_messages_lisp
[  0%] Built target std_msgs_generate_messages_nodejs
[  0%] Built target geometry_msgs_generate_messages_lisp
[  0%] Built target std_msgs_generate_messages_py
[  0%] Built target geometry_msgs_generate_messages_cpp
[35m[1mScanning dependencies of target std_msgs_generate_messages_cpp[0m
[35m[1mScanning dependencies of target geometry_msgs_generate_messages_eus[0m
[35m[1mScanning dependencies of target std_msgs_generate_messages_eus[0m
[  0%] Built target std_msgs_generate_messages_cpp
[  0%] Built target geometry_msgs_generate_messages_eus
[  0%] Built target std_msgs_generate_messages_eus
[  0%] Built target _stereo_vision_generate_messages_check_deps_ObjectDetection
[35m[1mScanning dependencies of target stereo_vision_generate_messages_eus[0m
[35m[1mScanning dependencies of target stereo_vision_generate_messages_nodejs[0m
[35m[1mScanning dependencies of target stereo_vision_generate_messages_lisp[0m
[35m[1mScanning dependencies of target stereo_vision_generate_messages_cpp[0m
[35m[1mScanning dependencies of target stereo_vision_generate_messages_py[0m
[ 14%] [34m[1mGenerating Javascript code from stereo_vision/ObjectDetection.msg[0m
[ 42%] [34m[1mGenerating EusLisp code from stereo_vision/ObjectDetection.msg[0m
[ 42%] [34m[1mGenerating EusLisp manifest code for stereo_vision[0m
[ 71%] [34m[1mGenerating C++ code from stereo_vision/ObjectDetection.msg[0m
[ 71%] [34m[1mGenerating Python from MSG stereo_vision/ObjectDetection[0m
[ 85%] [34m[1mGenerating Lisp code from stereo_vision/ObjectDetection.msg[0m
[ 85%] Built target stereo_vision_generate_messages_nodejs
[ 85%] Built target stereo_vision_generate_messages_lisp
[ 85%] Built target stereo_vision_generate_messages_cpp
[100%] [34m[1mGenerating Python msg __init__.py for stereo_vision[0m
[100%] Built target stereo_vision_generate_messages_py
[100%] Built target stereo_vision_generate_messages_eus
[35m[1mScanning dependencies of target stereo_vision_generate_messages[0m
[100%] Built target stereo_vision_generate_messages
