Linked: (/home/jfy/arm/catkin/devel/.private/liancheng_socket/share/roseus/ros/liancheng_socket/manifest.l, /home/jfy/arm/catkin/devel/share/roseus/ros/liancheng_socket/manifest.l)
Linked: (/home/jfy/arm/catkin/devel/.private/liancheng_socket/share/roseus/ros/liancheng_socket/msg/SwitchOrder.l, /home/jfy/arm/catkin/devel/share/roseus/ros/liancheng_socket/msg/SwitchOrder.l)
Linked: (/home/jfy/arm/catkin/devel/.private/liancheng_socket/share/roseus/ros/liancheng_socket/msg/ReadOutput.l, /home/jfy/arm/catkin/devel/share/roseus/ros/liancheng_socket/msg/ReadOutput.l)
Linked: (/home/jfy/arm/catkin/devel/.private/liancheng_socket/share/roseus/ros/liancheng_socket/msg/MotorOrder.l, /home/jfy/arm/catkin/devel/share/roseus/ros/liancheng_socket/msg/MotorOrder.l)
Linked: (/home/jfy/arm/catkin/devel/.private/liancheng_socket/share/common-lisp/ros/liancheng_socket/msg/_package.lisp, /home/jfy/arm/catkin/devel/share/common-lisp/ros/liancheng_socket/msg/_package.lisp)
Linked: (/home/jfy/arm/catkin/devel/.private/liancheng_socket/share/common-lisp/ros/liancheng_socket/msg/_package_MotorOrder.lisp, /home/jfy/arm/catkin/devel/share/common-lisp/ros/liancheng_socket/msg/_package_MotorOrder.lisp)
Linked: (/home/jfy/arm/catkin/devel/.private/liancheng_socket/share/common-lisp/ros/liancheng_socket/msg/liancheng_socket-msg.asd, /home/jfy/arm/catkin/devel/share/common-lisp/ros/liancheng_socket/msg/liancheng_socket-msg.asd)
Linked: (/home/jfy/arm/catkin/devel/.private/liancheng_socket/share/common-lisp/ros/liancheng_socket/msg/ReadOutput.lisp, /home/jfy/arm/catkin/devel/share/common-lisp/ros/liancheng_socket/msg/ReadOutput.lisp)
Linked: (/home/jfy/arm/catkin/devel/.private/liancheng_socket/share/common-lisp/ros/liancheng_socket/msg/SwitchOrder.lisp, /home/jfy/arm/catkin/devel/share/common-lisp/ros/liancheng_socket/msg/SwitchOrder.lisp)
Linked: (/home/jfy/arm/catkin/devel/.private/liancheng_socket/share/common-lisp/ros/liancheng_socket/msg/MotorOrder.lisp, /home/jfy/arm/catkin/devel/share/common-lisp/ros/liancheng_socket/msg/MotorOrder.lisp)
Linked: (/home/jfy/arm/catkin/devel/.private/liancheng_socket/share/common-lisp/ros/liancheng_socket/msg/_package_ReadOutput.lisp, /home/jfy/arm/catkin/devel/share/common-lisp/ros/liancheng_socket/msg/_package_ReadOutput.lisp)
Linked: (/home/jfy/arm/catkin/devel/.private/liancheng_socket/share/common-lisp/ros/liancheng_socket/msg/_package_SwitchOrder.lisp, /home/jfy/arm/catkin/devel/share/common-lisp/ros/liancheng_socket/msg/_package_SwitchOrder.lisp)
Linked: (/home/jfy/arm/catkin/devel/.private/liancheng_socket/share/gennodejs/ros/liancheng_socket/_index.js, /home/jfy/arm/catkin/devel/share/gennodejs/ros/liancheng_socket/_index.js)
Linked: (/home/jfy/arm/catkin/devel/.private/liancheng_socket/share/gennodejs/ros/liancheng_socket/msg/ReadOutput.js, /home/jfy/arm/catkin/devel/share/gennodejs/ros/liancheng_socket/msg/ReadOutput.js)
Linked: (/home/jfy/arm/catkin/devel/.private/liancheng_socket/share/gennodejs/ros/liancheng_socket/msg/MotorOrder.js, /home/jfy/arm/catkin/devel/share/gennodejs/ros/liancheng_socket/msg/MotorOrder.js)
Linked: (/home/jfy/arm/catkin/devel/.private/liancheng_socket/share/gennodejs/ros/liancheng_socket/msg/SwitchOrder.js, /home/jfy/arm/catkin/devel/share/gennodejs/ros/liancheng_socket/msg/SwitchOrder.js)
Linked: (/home/jfy/arm/catkin/devel/.private/liancheng_socket/share/gennodejs/ros/liancheng_socket/msg/_index.js, /home/jfy/arm/catkin/devel/share/gennodejs/ros/liancheng_socket/msg/_index.js)
Linked: (/home/jfy/arm/catkin/devel/.private/liancheng_socket/share/liancheng_socket/cmake/liancheng_socket-msg-paths.cmake, /home/jfy/arm/catkin/devel/share/liancheng_socket/cmake/liancheng_socket-msg-paths.cmake)
Linked: (/home/jfy/arm/catkin/devel/.private/liancheng_socket/share/liancheng_socket/cmake/liancheng_socketConfig.cmake, /home/jfy/arm/catkin/devel/share/liancheng_socket/cmake/liancheng_socketConfig.cmake)
Linked: (/home/jfy/arm/catkin/devel/.private/liancheng_socket/share/liancheng_socket/cmake/liancheng_socket-msg-extras.cmake, /home/jfy/arm/catkin/devel/share/liancheng_socket/cmake/liancheng_socket-msg-extras.cmake)
Linked: (/home/jfy/arm/catkin/devel/.private/liancheng_socket/share/liancheng_socket/cmake/liancheng_socketConfig-version.cmake, /home/jfy/arm/catkin/devel/share/liancheng_socket/cmake/liancheng_socketConfig-version.cmake)
Linked: (/home/jfy/arm/catkin/devel/.private/liancheng_socket/lib/pkgconfig/liancheng_socket.pc, /home/jfy/arm/catkin/devel/lib/pkgconfig/liancheng_socket.pc)
Linked: (/home/jfy/arm/catkin/devel/.private/liancheng_socket/lib/python3/dist-packages/liancheng_socket/__init__.py, /home/jfy/arm/catkin/devel/lib/python3/dist-packages/liancheng_socket/__init__.py)
Linked: (/home/jfy/arm/catkin/devel/.private/liancheng_socket/lib/python3/dist-packages/liancheng_socket/msg/__init__.py, /home/jfy/arm/catkin/devel/lib/python3/dist-packages/liancheng_socket/msg/__init__.py)
Linked: (/home/jfy/arm/catkin/devel/.private/liancheng_socket/lib/python3/dist-packages/liancheng_socket/msg/_SwitchOrder.py, /home/jfy/arm/catkin/devel/lib/python3/dist-packages/liancheng_socket/msg/_SwitchOrder.py)
Linked: (/home/jfy/arm/catkin/devel/.private/liancheng_socket/lib/python3/dist-packages/liancheng_socket/msg/_ReadOutput.py, /home/jfy/arm/catkin/devel/lib/python3/dist-packages/liancheng_socket/msg/_ReadOutput.py)
Linked: (/home/jfy/arm/catkin/devel/.private/liancheng_socket/lib/python3/dist-packages/liancheng_socket/msg/_MotorOrder.py, /home/jfy/arm/catkin/devel/lib/python3/dist-packages/liancheng_socket/msg/_MotorOrder.py)
Linked: (/home/jfy/arm/catkin/devel/.private/liancheng_socket/lib/liancheng_socket/liancheng_client, /home/jfy/arm/catkin/devel/lib/liancheng_socket/liancheng_client)
Linked: (/home/jfy/arm/catkin/devel/.private/liancheng_socket/lib/liancheng_socket/canusb, /home/jfy/arm/catkin/devel/lib/liancheng_socket/canusb)
Linked: (/home/jfy/arm/catkin/devel/.private/liancheng_socket/lib/liancheng_socket/liancheng_serial, /home/jfy/arm/catkin/devel/lib/liancheng_socket/liancheng_serial)
Linked: (/home/jfy/arm/catkin/devel/.private/liancheng_socket/lib/liancheng_socket/liancheng_server, /home/jfy/arm/catkin/devel/lib/liancheng_socket/liancheng_server)
Linked: (/home/jfy/arm/catkin/devel/.private/liancheng_socket/lib/liancheng_socket/talk_test, /home/jfy/arm/catkin/devel/lib/liancheng_socket/talk_test)
Linked: (/home/jfy/arm/catkin/devel/.private/liancheng_socket/include/liancheng_socket/ReadOutput.h, /home/jfy/arm/catkin/devel/include/liancheng_socket/ReadOutput.h)
Linked: (/home/jfy/arm/catkin/devel/.private/liancheng_socket/include/liancheng_socket/MotorOrder.h, /home/jfy/arm/catkin/devel/include/liancheng_socket/MotorOrder.h)
Linked: (/home/jfy/arm/catkin/devel/.private/liancheng_socket/include/liancheng_socket/SwitchOrder.h, /home/jfy/arm/catkin/devel/include/liancheng_socket/SwitchOrder.h)
