[35m[1mScanning dependencies of target octomap_msgs_generate_messages_nodejs[0m
[35m[1mScanning dependencies of target std_msgs_generate_messages_cpp[0m
[35m[1mScanning dependencies of target _liancheng_socket_generate_messages_check_deps_SwitchOrder[0m
[35m[1mScanning dependencies of target _liancheng_socket_generate_messages_check_deps_ReadOutput[0m
[35m[1mScanning dependencies of target actionlib_generate_messages_nodejs[0m
[35m[1mScanning dependencies of target actionlib_generate_messages_py[0m
[35m[1mScanning dependencies of target moveit_msgs_generate_messages_cpp[0m
[35m[1mScanning dependencies of target _liancheng_socket_generate_messages_check_deps_MotorOrder[0m
[35m[1mScanning dependencies of target tf2_msgs_generate_messages_py[0m
[35m[1mScanning dependencies of target tf2_msgs_generate_messages_cpp[0m
[35m[1mScanning dependencies of target tf2_msgs_generate_messages_lisp[0m
[35m[1mScanning dependencies of target actionlib_generate_messages_cpp[0m
[  0%] Built target std_msgs_generate_messages_cpp
[  0%] Built target octomap_msgs_generate_messages_nodejs
[  0%] Built target moveit_msgs_generate_messages_cpp
[  0%] Built target actionlib_generate_messages_py
[  0%] Built target actionlib_generate_messages_nodejs
[  0%] Built target tf2_msgs_generate_messages_py
[  0%] Built target tf2_msgs_generate_messages_cpp
[  0%] Built target tf2_msgs_generate_messages_lisp
[  0%] Built target actionlib_generate_messages_cpp
[35m[1mScanning dependencies of target octomap_msgs_generate_messages_py[0m
[35m[1mScanning dependencies of target geometry_msgs_generate_messages_cpp[0m
[35m[1mScanning dependencies of target object_recognition_msgs_generate_messages_lisp[0m
[35m[1mScanning dependencies of target moveit_msgs_generate_messages_py[0m
[35m[1mScanning dependencies of target tf2_msgs_generate_messages_nodejs[0m
[35m[1mScanning dependencies of target moveit_msgs_generate_messages_nodejs[0m
[35m[1mScanning dependencies of target moveit_msgs_generate_messages_lisp[0m
[35m[1mScanning dependencies of target std_msgs_generate_messages_lisp[0m
[35m[1mScanning dependencies of target std_msgs_generate_messages_py[0m
[  0%] Built target moveit_msgs_generate_messages_py
[  0%] Built target octomap_msgs_generate_messages_py
[  0%] Built target object_recognition_msgs_generate_messages_lisp
[  0%] Built target tf2_msgs_generate_messages_nodejs
[  0%] Built target moveit_msgs_generate_messages_nodejs
[  0%] Built target geometry_msgs_generate_messages_cpp
[  0%] Built target moveit_msgs_generate_messages_lisp
[  0%] Built target std_msgs_generate_messages_lisp
[  0%] Built target std_msgs_generate_messages_py
[  0%] Built target _liancheng_socket_generate_messages_check_deps_SwitchOrder
[35m[1mScanning dependencies of target geometry_msgs_generate_messages_eus[0m
[35m[1mScanning dependencies of target std_msgs_generate_messages_nodejs[0m
[  0%] Built target _liancheng_socket_generate_messages_check_deps_ReadOutput
[35m[1mScanning dependencies of target octomap_msgs_generate_messages_lisp[0m
[  0%] Built target _liancheng_socket_generate_messages_check_deps_MotorOrder
[35m[1mScanning dependencies of target actionlib_generate_messages_lisp[0m
[35m[1mScanning dependencies of target actionlib_msgs_generate_messages_py[0m
[35m[1mScanning dependencies of target shape_msgs_generate_messages_cpp[0m
[35m[1mScanning dependencies of target actionlib_msgs_generate_messages_eus[0m
[35m[1mScanning dependencies of target roscpp_generate_messages_lisp[0m
[35m[1mScanning dependencies of target actionlib_msgs_generate_messages_cpp[0m
[35m[1mScanning dependencies of target rosgraph_msgs_generate_messages_py[0m
[35m[1mScanning dependencies of target rosgraph_msgs_generate_messages_lisp[0m
[  0%] Built target geometry_msgs_generate_messages_eus
[  0%] Built target std_msgs_generate_messages_nodejs
[35m[1mScanning dependencies of target shape_msgs_generate_messages_nodejs[0m
[  0%] Built target octomap_msgs_generate_messages_lisp
[  0%] Built target actionlib_msgs_generate_messages_cpp
[  0%] Built target shape_msgs_generate_messages_cpp
[  0%] Built target actionlib_msgs_generate_messages_py
[  0%] Built target roscpp_generate_messages_lisp
[  0%] Built target actionlib_msgs_generate_messages_eus
[  0%] Built target actionlib_generate_messages_lisp
[  0%] Built target rosgraph_msgs_generate_messages_py
[  0%] Built target rosgraph_msgs_generate_messages_lisp
[35m[1mScanning dependencies of target roscpp_generate_messages_eus[0m
[35m[1mScanning dependencies of target roscpp_generate_messages_cpp[0m
[  0%] Built target shape_msgs_generate_messages_nodejs
[35m[1mScanning dependencies of target roscpp_generate_messages_nodejs[0m
[35m[1mScanning dependencies of target rosgraph_msgs_generate_messages_eus[0m
[35m[1mScanning dependencies of target std_msgs_generate_messages_eus[0m
[35m[1mScanning dependencies of target actionlib_msgs_generate_messages_nodejs[0m
[35m[1mScanning dependencies of target actionlib_msgs_generate_messages_lisp[0m
[35m[1mScanning dependencies of target moveit_msgs_generate_messages_eus[0m
[35m[1mScanning dependencies of target trajectory_msgs_generate_messages_cpp[0m
[35m[1mScanning dependencies of target sensor_msgs_generate_messages_py[0m
[35m[1mScanning dependencies of target tf2_msgs_generate_messages_eus[0m
[  0%] Built target roscpp_generate_messages_eus
[  0%] Built target roscpp_generate_messages_cpp
[35m[1mScanning dependencies of target geometry_msgs_generate_messages_py[0m
[  0%] Built target roscpp_generate_messages_nodejs
[  0%] Built target rosgraph_msgs_generate_messages_eus
[  0%] Built target actionlib_msgs_generate_messages_nodejs
[  0%] Built target actionlib_msgs_generate_messages_lisp
[  0%] Built target std_msgs_generate_messages_eus
[  0%] Built target moveit_msgs_generate_messages_eus
[  0%] Built target trajectory_msgs_generate_messages_cpp
[  0%] Built target tf2_msgs_generate_messages_eus
[  0%] Built target sensor_msgs_generate_messages_py
[35m[1mScanning dependencies of target sensor_msgs_generate_messages_cpp[0m
[35m[1mScanning dependencies of target sensor_msgs_generate_messages_lisp[0m
[35m[1mScanning dependencies of target sensor_msgs_generate_messages_eus[0m
[  0%] Built target geometry_msgs_generate_messages_py
[35m[1mScanning dependencies of target sensor_msgs_generate_messages_nodejs[0m
[35m[1mScanning dependencies of target object_recognition_msgs_generate_messages_py[0m
[35m[1mScanning dependencies of target roscpp_generate_messages_py[0m
[35m[1mScanning dependencies of target rosgraph_msgs_generate_messages_nodejs[0m
[35m[1mScanning dependencies of target geometry_msgs_generate_messages_lisp[0m
[35m[1mScanning dependencies of target geometry_msgs_generate_messages_nodejs[0m
[35m[1mScanning dependencies of target trajectory_msgs_generate_messages_nodejs[0m
[35m[1mScanning dependencies of target trajectory_msgs_generate_messages_eus[0m
[  0%] Built target sensor_msgs_generate_messages_cpp
[  0%] Built target sensor_msgs_generate_messages_lisp
[  0%] Built target sensor_msgs_generate_messages_eus
[35m[1mScanning dependencies of target object_recognition_msgs_generate_messages_cpp[0m
[  0%] Built target sensor_msgs_generate_messages_nodejs
[  0%] Built target object_recognition_msgs_generate_messages_py
[  0%] Built target roscpp_generate_messages_py
[  0%] Built target rosgraph_msgs_generate_messages_nodejs
[  0%] Built target geometry_msgs_generate_messages_nodejs
[  0%] Built target geometry_msgs_generate_messages_lisp
[  0%] Built target trajectory_msgs_generate_messages_nodejs
[  0%] Built target trajectory_msgs_generate_messages_eus
[35m[1mScanning dependencies of target octomap_msgs_generate_messages_eus[0m
[35m[1mScanning dependencies of target shape_msgs_generate_messages_lisp[0m
[35m[1mScanning dependencies of target trajectory_msgs_generate_messages_lisp[0m
[  0%] Built target object_recognition_msgs_generate_messages_cpp
[35m[1mScanning dependencies of target actionlib_generate_messages_eus[0m
[35m[1mScanning dependencies of target shape_msgs_generate_messages_eus[0m
[35m[1mScanning dependencies of target rosgraph_msgs_generate_messages_cpp[0m
[35m[1mScanning dependencies of target trajectory_msgs_generate_messages_py[0m
[35m[1mScanning dependencies of target shape_msgs_generate_messages_py[0m
[35m[1mScanning dependencies of target object_recognition_msgs_generate_messages_eus[0m
[35m[1mScanning dependencies of target object_recognition_msgs_generate_messages_nodejs[0m
[35m[1mScanning dependencies of target octomap_msgs_generate_messages_cpp[0m
[  0%] Built target octomap_msgs_generate_messages_eus
[  0%] Built target trajectory_msgs_generate_messages_lisp
[  0%] Built target shape_msgs_generate_messages_lisp
[35m[1mScanning dependencies of target liancheng_socket_generate_messages_eus[0m
[  0%] Built target rosgraph_msgs_generate_messages_cpp
[  0%] Built target actionlib_generate_messages_eus
[  0%] Built target trajectory_msgs_generate_messages_py
[  0%] Built target shape_msgs_generate_messages_eus
[  0%] Built target shape_msgs_generate_messages_py
[  0%] Built target object_recognition_msgs_generate_messages_eus
[35m[1mScanning dependencies of target liancheng_socket_generate_messages_nodejs[0m
[  0%] Built target octomap_msgs_generate_messages_cpp
[  0%] Built target object_recognition_msgs_generate_messages_nodejs
[35m[1mScanning dependencies of target liancheng_socket_generate_messages_lisp[0m
[35m[1mScanning dependencies of target liancheng_socket_generate_messages_py[0m
[  3%] [34m[1mGenerating EusLisp code from liancheng_socket/MotorOrder.msg[0m
[35m[1mScanning dependencies of target liancheng_socket_generate_messages_cpp[0m
[  6%] [34m[1mGenerating EusLisp code from liancheng_socket/SwitchOrder.msg[0m
[ 10%] [34m[1mGenerating EusLisp code from liancheng_socket/ReadOutput.msg[0m
[ 13%] [34m[1mGenerating EusLisp manifest code for liancheng_socket[0m
[ 16%] [34m[1mGenerating Javascript code from liancheng_socket/MotorOrder.msg[0m
[ 23%] [34m[1mGenerating Javascript code from liancheng_socket/SwitchOrder.msg[0m
[ 23%] [34m[1mGenerating Javascript code from liancheng_socket/ReadOutput.msg[0m
[ 33%] [34m[1mGenerating Lisp code from liancheng_socket/SwitchOrder.msg[0m
[ 33%] [34m[1mGenerating Lisp code from liancheng_socket/MotorOrder.msg[0m
[ 33%] [34m[1mGenerating Python from MSG liancheng_socket/MotorOrder[0m
[ 36%] [34m[1mGenerating Lisp code from liancheng_socket/ReadOutput.msg[0m
[ 40%] [34m[1mGenerating C++ code from liancheng_socket/MotorOrder.msg[0m
[ 43%] [34m[1mGenerating C++ code from liancheng_socket/SwitchOrder.msg[0m
[ 46%] [34m[1mGenerating C++ code from liancheng_socket/ReadOutput.msg[0m
[ 50%] [34m[1mGenerating Python from MSG liancheng_socket/SwitchOrder[0m
[ 50%] Built target liancheng_socket_generate_messages_lisp
[ 53%] [34m[1mGenerating Python from MSG liancheng_socket/ReadOutput[0m
[ 53%] Built target liancheng_socket_generate_messages_nodejs
[ 53%] Built target liancheng_socket_generate_messages_cpp
[35m[1mScanning dependencies of target canusb[0m
[35m[1mScanning dependencies of target talk_test[0m
[35m[1mScanning dependencies of target liancheng_server[0m
[35m[1mScanning dependencies of target liancheng_serial[0m
[35m[1mScanning dependencies of target liancheng_client[0m
[ 56%] [32mBuilding CXX object CMakeFiles/liancheng_server.dir/src/server.cpp.o[0m
[ 60%] [32mBuilding CXX object CMakeFiles/liancheng_server.dir/src/TCPServer.cpp.o[0m
[ 63%] [32mBuilding CXX object CMakeFiles/talk_test.dir/src/test_talk.cpp.o[0m
[ 66%] [32mBuilding CXX object CMakeFiles/liancheng_serial.dir/src/serial.cpp.o[0m
[ 70%] [32mBuilding CXX object CMakeFiles/canusb.dir/src/canusb.cpp.o[0m
[ 73%] [32mBuilding CXX object CMakeFiles/liancheng_serial.dir/src/RS485Serial.cpp.o[0m
[ 76%] [32mBuilding CXX object CMakeFiles/liancheng_client.dir/src/client.cpp.o[0m
[ 80%] [32mBuilding CXX object CMakeFiles/liancheng_client.dir/src/TCPClient.cpp.o[0m
[ 83%] [34m[1mGenerating Python msg __init__.py for liancheng_socket[0m
[ 83%] Built target liancheng_socket_generate_messages_py
[ 83%] Built target liancheng_socket_generate_messages_eus
[35m[1mScanning dependencies of target liancheng_socket_generate_messages[0m
[ 83%] Built target liancheng_socket_generate_messages
[ 86%] [32m[1mLinking CXX executable /home/jfy/arm/catkin/devel/.private/liancheng_socket/lib/liancheng_socket/liancheng_server[0m
[ 86%] Built target liancheng_server
[ 90%] [32m[1mLinking CXX executable /home/jfy/arm/catkin/devel/.private/liancheng_socket/lib/liancheng_socket/liancheng_client[0m
[ 93%] [32m[1mLinking CXX executable /home/jfy/arm/catkin/devel/.private/liancheng_socket/lib/liancheng_socket/talk_test[0m
[ 93%] Built target liancheng_client
[ 96%] [32m[1mLinking CXX executable /home/jfy/arm/catkin/devel/.private/liancheng_socket/lib/liancheng_socket/canusb[0m
[ 96%] Built target talk_test
[100%] [32m[1mLinking CXX executable /home/jfy/arm/catkin/devel/.private/liancheng_socket/lib/liancheng_socket/liancheng_serial[0m
[100%] Built target canusb
[100%] Built target liancheng_serial
