Symlinking /home/jfy/arm/catkin/devel/share/roseus/ros/liancheng_socket/manifest.l
Symlinking /home/jfy/arm/catkin/devel/share/roseus/ros/liancheng_socket/msg/SwitchOrder.l
Symlinking /home/jfy/arm/catkin/devel/share/roseus/ros/liancheng_socket/msg/ReadOutput.l
Symlinking /home/jfy/arm/catkin/devel/share/roseus/ros/liancheng_socket/msg/MotorOrder.l
Symlinking /home/jfy/arm/catkin/devel/share/common-lisp/ros/liancheng_socket/msg/_package.lisp
Symlinking /home/jfy/arm/catkin/devel/share/common-lisp/ros/liancheng_socket/msg/_package_MotorOrder.lisp
Symlinking /home/jfy/arm/catkin/devel/share/common-lisp/ros/liancheng_socket/msg/liancheng_socket-msg.asd
Symlinking /home/jfy/arm/catkin/devel/share/common-lisp/ros/liancheng_socket/msg/ReadOutput.lisp
Symlinking /home/jfy/arm/catkin/devel/share/common-lisp/ros/liancheng_socket/msg/SwitchOrder.lisp
Symlinking /home/jfy/arm/catkin/devel/share/common-lisp/ros/liancheng_socket/msg/MotorOrder.lisp
Symlinking /home/jfy/arm/catkin/devel/share/common-lisp/ros/liancheng_socket/msg/_package_ReadOutput.lisp
Symlinking /home/jfy/arm/catkin/devel/share/common-lisp/ros/liancheng_socket/msg/_package_SwitchOrder.lisp
Symlinking /home/jfy/arm/catkin/devel/share/gennodejs/ros/liancheng_socket/_index.js
Symlinking /home/jfy/arm/catkin/devel/share/gennodejs/ros/liancheng_socket/msg/ReadOutput.js
Symlinking /home/jfy/arm/catkin/devel/share/gennodejs/ros/liancheng_socket/msg/MotorOrder.js
Symlinking /home/jfy/arm/catkin/devel/share/gennodejs/ros/liancheng_socket/msg/SwitchOrder.js
Symlinking /home/jfy/arm/catkin/devel/share/gennodejs/ros/liancheng_socket/msg/_index.js
Symlinking /home/jfy/arm/catkin/devel/share/liancheng_socket/cmake/liancheng_socket-msg-paths.cmake
Symlinking /home/jfy/arm/catkin/devel/share/liancheng_socket/cmake/liancheng_socketConfig.cmake
Symlinking /home/jfy/arm/catkin/devel/share/liancheng_socket/cmake/liancheng_socket-msg-extras.cmake
Symlinking /home/jfy/arm/catkin/devel/share/liancheng_socket/cmake/liancheng_socketConfig-version.cmake
Symlinking /home/jfy/arm/catkin/devel/lib/pkgconfig/liancheng_socket.pc
Symlinking /home/jfy/arm/catkin/devel/lib/python3/dist-packages/liancheng_socket/__init__.py
Symlinking /home/jfy/arm/catkin/devel/lib/python3/dist-packages/liancheng_socket/msg/__init__.py
Symlinking /home/jfy/arm/catkin/devel/lib/python3/dist-packages/liancheng_socket/msg/_SwitchOrder.py
Symlinking /home/jfy/arm/catkin/devel/lib/python3/dist-packages/liancheng_socket/msg/_ReadOutput.py
Symlinking /home/jfy/arm/catkin/devel/lib/python3/dist-packages/liancheng_socket/msg/_MotorOrder.py
Symlinking /home/jfy/arm/catkin/devel/lib/liancheng_socket/liancheng_client
Symlinking /home/jfy/arm/catkin/devel/lib/liancheng_socket/canusb
Symlinking /home/jfy/arm/catkin/devel/lib/liancheng_socket/liancheng_serial
Symlinking /home/jfy/arm/catkin/devel/lib/liancheng_socket/liancheng_server
Symlinking /home/jfy/arm/catkin/devel/lib/liancheng_socket/talk_test
Symlinking /home/jfy/arm/catkin/devel/include/liancheng_socket/ReadOutput.h
Symlinking /home/jfy/arm/catkin/devel/include/liancheng_socket/MotorOrder.h
Symlinking /home/jfy/arm/catkin/devel/include/liancheng_socket/SwitchOrder.h
