[  0%] Built target actionlib_generate_messages_cpp
[  0%] Built target octomap_msgs_generate_messages_nodejs
[  0%] Built target actionlib_generate_messages_nodejs
[  0%] Built target actionlib_generate_messages_py
[  0%] Built target tf2_msgs_generate_messages_py
[  0%] Built target geometry_msgs_generate_messages_eus
[  0%] Built target tf2_msgs_generate_messages_lisp
[  0%] Built target octomap_msgs_generate_messages_py
[  0%] Built target octomap_msgs_generate_messages_lisp
[  0%] Built target sensor_msgs_generate_messages_cpp
[  0%] Built target tf2_msgs_generate_messages_cpp
[  0%] Built target std_msgs_generate_messages_nodejs
[  0%] Built target std_msgs_generate_messages_py
[  0%] Built target actionlib_msgs_generate_messages_py
[  0%] Built target std_msgs_generate_messages_cpp
[  0%] Built target actionlib_generate_messages_lisp
[  0%] Built target roscpp_generate_messages_lisp
[  0%] Built target shape_msgs_generate_messages_cpp
[  0%] Built target tf2_msgs_generate_messages_nodejs
[  0%] Built target std_msgs_generate_messages_lisp
[  0%] Built target moveit_msgs_generate_messages_lisp
[  0%] Built target rosgraph_msgs_generate_messages_lisp
[  0%] Built target actionlib_msgs_generate_messages_eus
[  0%] Built target roscpp_generate_messages_cpp
[  0%] Built target rosgraph_msgs_generate_messages_py
[  0%] Built target sensor_msgs_generate_messages_eus
[  0%] Built target shape_msgs_generate_messages_nodejs
[  0%] Built target sensor_msgs_generate_messages_nodejs
[  0%] Built target object_recognition_msgs_generate_messages_py
[  0%] Built target roscpp_generate_messages_eus
[  0%] Built target rosgraph_msgs_generate_messages_nodejs
[  0%] Built target sensor_msgs_generate_messages_lisp
[  0%] Built target geometry_msgs_generate_messages_nodejs
[  0%] Built target geometry_msgs_generate_messages_cpp
[  0%] Built target moveit_msgs_generate_messages_py
[  0%] Built target object_recognition_msgs_generate_messages_lisp
[  0%] Built target tf2_msgs_generate_messages_eus
[  0%] Built target sensor_msgs_generate_messages_py
[  0%] Built target moveit_msgs_generate_messages_eus
[  0%] Built target geometry_msgs_generate_messages_py
[  0%] Built target roscpp_generate_messages_nodejs
[  0%] Built target moveit_msgs_generate_messages_cpp
[  0%] Built target rosgraph_msgs_generate_messages_eus
[  0%] Built target geometry_msgs_generate_messages_lisp
[  0%] Built target moveit_msgs_generate_messages_nodejs
[  0%] Built target actionlib_msgs_generate_messages_cpp
[  0%] Built target std_msgs_generate_messages_eus
[  0%] Built target actionlib_msgs_generate_messages_lisp
[  0%] Built target actionlib_msgs_generate_messages_nodejs
[  0%] Built target roscpp_generate_messages_py
[  0%] Built target trajectory_msgs_generate_messages_nodejs
[  0%] Built target trajectory_msgs_generate_messages_cpp
[  0%] Built target object_recognition_msgs_generate_messages_cpp
[  0%] Built target trajectory_msgs_generate_messages_eus
[  0%] Built target octomap_msgs_generate_messages_eus
[  0%] Built target shape_msgs_generate_messages_lisp
[  0%] Built target actionlib_generate_messages_eus
[  0%] Built target trajectory_msgs_generate_messages_lisp
[  0%] Built target trajectory_msgs_generate_messages_py
[  0%] Built target shape_msgs_generate_messages_py
[  0%] Built target shape_msgs_generate_messages_eus
[  0%] Built target rosgraph_msgs_generate_messages_cpp
[  0%] Built target object_recognition_msgs_generate_messages_eus
[  0%] Built target object_recognition_msgs_generate_messages_nodejs
[  0%] Built target octomap_msgs_generate_messages_cpp
[  9%] [34m[1mAutomatic MOC and UIC for target arm_gui[0m
[  9%] Built target arm_gui_autogen
[ 18%] [34m[1mGenerating qrc_arm_gui_resources.cpp[0m
[ 27%] [34m[1mGenerating ui_arm_control_main.h[0m
[35m[1mScanning dependencies of target arm_gui[0m
[ 36%] [32mBuilding CXX object CMakeFiles/arm_gui.dir/arm_gui_autogen/mocs_compilation.cpp.o[0m
[ 45%] [32mBuilding CXX object CMakeFiles/arm_gui.dir/src/arm_control_gui.cpp.o[0m
[ 54%] [32mBuilding CXX object CMakeFiles/arm_gui.dir/qrc_arm_gui_resources.cpp.o[0m
In file included from [01m[K/home/jfy/arm/catkin/build/arm_gui/arm_gui_autogen/EEXHESCQN3/moc_arm_control_gui.cpp:9[m[K,
                 from [01m[K/home/jfy/arm/catkin/build/arm_gui/arm_gui_autogen/mocs_compilation.cpp:2[m[K:
[01m[K/home/jfy/arm/catkin/src/arm_gui/include/arm_gui/arm_control_gui.h:132:54:[m[K [01;31m[Kerror: [m[K‘[01m[KPoseArray[m[K’ in namespace ‘[01m[Kgeometry_msgs[m[K’ does not name a type
  132 |     void detectionPosesCallback(const geometry_msgs::[01;31m[KPoseArray[m[K::ConstPtr& msg);
      |                                                      [01;31m[K^~~~~~~~~[m[K
[01m[K/home/jfy/arm/catkin/src/arm_gui/include/arm_gui/arm_control_gui.h:132:73:[m[K [01;31m[Kerror: [m[Kexpected unqualified-id before ‘[01m[K&[m[K’ token
  132 |     void detectionPosesCallback(const geometry_msgs::PoseArray::ConstPtr[01;31m[K&[m[K msg);
      |                                                                         [01;31m[K^[m[K
[01m[K/home/jfy/arm/catkin/src/arm_gui/include/arm_gui/arm_control_gui.h:132:73:[m[K [01;31m[Kerror: [m[Kexpected ‘[01m[K)[m[K’ before ‘[01m[K&[m[K’ token
  132 |     void detectionPosesCallback[34m[K([m[Kconst geometry_msgs::PoseArray::ConstPtr[01;31m[K&[m[K msg);
      |                                [34m[K~[m[K                                        [01;31m[K^[m[K
      |                                                                         [32m[K)[m[K
[01m[K/home/jfy/arm/catkin/src/arm_gui/include/arm_gui/arm_control_gui.h:132:73:[m[K [01;31m[Kerror: [m[Kexpected ‘[01m[K;[m[K’ at end of member declaration
  132 |     void detectionPosesCallback(const geometry_msgs::PoseArray::ConstPtr[01;31m[K&[m[K msg);
      |                                                                         [01;31m[K^[m[K
      |                                                                          [32m[K;[m[K
[01m[K/home/jfy/arm/catkin/src/arm_gui/include/arm_gui/arm_control_gui.h:132:75:[m[K [01;31m[Kerror: [m[K‘[01m[Kmsg[m[K’ does not name a type
  132 |     void detectionPosesCallback(const geometry_msgs::PoseArray::ConstPtr& [01;31m[Kmsg[m[K);
      |                                                                           [01;31m[K^~~[m[K
In file included from [01m[K/home/jfy/arm/catkin/src/arm_gui/src/arm_control_gui.cpp:1[m[K:
[01m[K/home/jfy/arm/catkin/src/arm_gui/include/arm_gui/arm_control_gui.h:132:54:[m[K [01;31m[Kerror: [m[K‘[01m[KPoseArray[m[K’ in namespace ‘[01m[Kgeometry_msgs[m[K’ does not name a type
  132 |     void detectionPosesCallback(const geometry_msgs::[01;31m[KPoseArray[m[K::ConstPtr& msg);
      |                                                      [01;31m[K^~~~~~~~~[m[K
[01m[K/home/jfy/arm/catkin/src/arm_gui/include/arm_gui/arm_control_gui.h:132:73:[m[K [01;31m[Kerror: [m[Kexpected unqualified-id before ‘[01m[K&[m[K’ token
  132 |     void detectionPosesCallback(const geometry_msgs::PoseArray::ConstPtr[01;31m[K&[m[K msg);
      |                                                                         [01;31m[K^[m[K
[01m[K/home/jfy/arm/catkin/src/arm_gui/include/arm_gui/arm_control_gui.h:132:73:[m[K [01;31m[Kerror: [m[Kexpected ‘[01m[K)[m[K’ before ‘[01m[K&[m[K’ token
  132 |     void detectionPosesCallback[34m[K([m[Kconst geometry_msgs::PoseArray::ConstPtr[01;31m[K&[m[K msg);
      |                                [34m[K~[m[K                                        [01;31m[K^[m[K
      |                                                                         [32m[K)[m[K
[01m[K/home/jfy/arm/catkin/src/arm_gui/include/arm_gui/arm_control_gui.h:132:73:[m[K [01;31m[Kerror: [m[Kexpected ‘[01m[K;[m[K’ at end of member declaration
  132 |     void detectionPosesCallback(const geometry_msgs::PoseArray::ConstPtr[01;31m[K&[m[K msg);
      |                                                                         [01;31m[K^[m[K
      |                                                                          [32m[K;[m[K
[01m[K/home/jfy/arm/catkin/src/arm_gui/include/arm_gui/arm_control_gui.h:132:75:[m[K [01;31m[Kerror: [m[K‘[01m[Kmsg[m[K’ does not name a type
  132 |     void detectionPosesCallback(const geometry_msgs::PoseArray::ConstPtr& [01;31m[Kmsg[m[K);
      |                                                                           [01;31m[K^~~[m[K
make[2]: *** [CMakeFiles/arm_gui.dir/build.make:79: CMakeFiles/arm_gui.dir/arm_gui_autogen/mocs_compilation.cpp.o] Error 1
make[2]: *** Waiting for unfinished jobs....
[01m[K/home/jfy/arm/catkin/src/arm_gui/src/arm_control_gui.cpp:[m[K In member function ‘[01m[Kvoid ArmControlGUI::initializeROS()[m[K’:
[01m[K/home/jfy/arm/catkin/src/arm_gui/src/arm_control_gui.cpp:128:123:[m[K [01;31m[Kerror: [m[Kno matching function for call to ‘[01m[Kros::NodeHandle::subscribe(const char [30], int, void (ArmControlGUI::*)(...) &, ArmControlGUI*)[m[K’
  128 |     detection_poses_sub_ = nh_.subscribe("/stereo_vision/detected_poses", 10, &ArmControlGUI::detectionPosesCallback, this[01;31m[K)[m[K;
      |                                                                                                                           [01;31m[K^[m[K
In file included from [01m[K/opt/ros/noetic/include/ros/ros.h:45[m[K,
                 from [01m[K/home/jfy/arm/catkin/src/arm_gui/include/arm_gui/arm_control_gui.h:15[m[K,
                 from [01m[K/home/jfy/arm/catkin/src/arm_gui/src/arm_control_gui.cpp:1[m[K:
[01m[K/opt/ros/noetic/include/ros/node_handle.h:402:14:[m[K [01;36m[Knote: [m[Kcandidate: ‘[01m[Ktemplate<class M, class T> ros::Subscriber ros::NodeHandle::subscribe(const string&, uint32_t, void (T::*)(M), T*, const ros::TransportHints&)[m[K’
  402 |   Subscriber [01;36m[Ksubscribe[m[K(const std::string& topic, uint32_t queue_size, void(T::*fp)(M), T* obj,
      |              [01;36m[K^~~~~~~~~[m[K
[01m[K/opt/ros/noetic/include/ros/node_handle.h:402:14:[m[K [01;36m[Knote: [m[K  template argument deduction/substitution failed:
[01m[K/home/jfy/arm/catkin/src/arm_gui/src/arm_control_gui.cpp:128:123:[m[K [01;36m[Knote: [m[K  mismatched types ‘[01m[Kvoid (T::)(M)[m[K’ and ‘[01m[Kvoid (ArmControlGUI::)(...) &[m[K’
  128 |     detection_poses_sub_ = nh_.subscribe("/stereo_vision/detected_poses", 10, &ArmControlGUI::detectionPosesCallback, this[01;36m[K)[m[K;
      |                                                                                                                           [01;36m[K^[m[K
In file included from [01m[K/opt/ros/noetic/include/ros/ros.h:45[m[K,
                 from [01m[K/home/jfy/arm/catkin/src/arm_gui/include/arm_gui/arm_control_gui.h:15[m[K,
                 from [01m[K/home/jfy/arm/catkin/src/arm_gui/src/arm_control_gui.cpp:1[m[K:
[01m[K/opt/ros/noetic/include/ros/node_handle.h:413:14:[m[K [01;36m[Knote: [m[Kcandidate: ‘[01m[Ktemplate<class M, class T> ros::Subscriber ros::NodeHandle::subscribe(const string&, uint32_t, void (T::*)(M) const, T*, const ros::TransportHints&)[m[K’
  413 |   Subscriber [01;36m[Ksubscribe[m[K(const std::string& topic, uint32_t queue_size, void(T::*fp)(M) const, T* obj,
      |              [01;36m[K^~~~~~~~~[m[K
[01m[K/opt/ros/noetic/include/ros/node_handle.h:413:14:[m[K [01;36m[Knote: [m[K  template argument deduction/substitution failed:
[01m[K/home/jfy/arm/catkin/src/arm_gui/src/arm_control_gui.cpp:128:123:[m[K [01;36m[Knote: [m[K  types ‘[01m[Kvoid (T::)(M) const[m[K’ and ‘[01m[Kvoid (ArmControlGUI::)(...) &[m[K’ have incompatible cv-qualifiers
  128 |     detection_poses_sub_ = nh_.subscribe("/stereo_vision/detected_poses", 10, &ArmControlGUI::detectionPosesCallback, this[01;36m[K)[m[K;
      |                                                                                                                           [01;36m[K^[m[K
In file included from [01m[K/opt/ros/noetic/include/ros/ros.h:45[m[K,
                 from [01m[K/home/jfy/arm/catkin/src/arm_gui/include/arm_gui/arm_control_gui.h:15[m[K,
                 from [01m[K/home/jfy/arm/catkin/src/arm_gui/src/arm_control_gui.cpp:1[m[K:
[01m[K/opt/ros/noetic/include/ros/node_handle.h:465:14:[m[K [01;36m[Knote: [m[Kcandidate: ‘[01m[Ktemplate<class M, class T> ros::Subscriber ros::NodeHandle::subscribe(const string&, uint32_t, void (T::*)(const boost::shared_ptr<const M>&), T*, const ros::TransportHints&)[m[K’
  465 |   Subscriber [01;36m[Ksubscribe[m[K(const std::string& topic, uint32_t queue_size,
      |              [01;36m[K^~~~~~~~~[m[K
[01m[K/opt/ros/noetic/include/ros/node_handle.h:465:14:[m[K [01;36m[Knote: [m[K  template argument deduction/substitution failed:
[01m[K/home/jfy/arm/catkin/src/arm_gui/src/arm_control_gui.cpp:128:123:[m[K [01;36m[Knote: [m[K  mismatched types ‘[01m[Kvoid (T::)(const boost::shared_ptr<const M>&)[m[K’ and ‘[01m[Kvoid (ArmControlGUI::)(...) &[m[K’
  128 |     detection_poses_sub_ = nh_.subscribe("/stereo_vision/detected_poses", 10, &ArmControlGUI::detectionPosesCallback, this[01;36m[K)[m[K;
      |                                                                                                                           [01;36m[K^[m[K
In file included from [01m[K/opt/ros/noetic/include/ros/ros.h:45[m[K,
                 from [01m[K/home/jfy/arm/catkin/src/arm_gui/include/arm_gui/arm_control_gui.h:15[m[K,
                 from [01m[K/home/jfy/arm/catkin/src/arm_gui/src/arm_control_gui.cpp:1[m[K:
[01m[K/opt/ros/noetic/include/ros/node_handle.h:475:14:[m[K [01;36m[Knote: [m[Kcandidate: ‘[01m[Ktemplate<class M, class T> ros::Subscriber ros::NodeHandle::subscribe(const string&, uint32_t, void (T::*)(const boost::shared_ptr<const M>&) const, T*, const ros::TransportHints&)[m[K’
  475 |   Subscriber [01;36m[Ksubscribe[m[K(const std::string& topic, uint32_t queue_size,
      |              [01;36m[K^~~~~~~~~[m[K
[01m[K/opt/ros/noetic/include/ros/node_handle.h:475:14:[m[K [01;36m[Knote: [m[K  template argument deduction/substitution failed:
[01m[K/home/jfy/arm/catkin/src/arm_gui/src/arm_control_gui.cpp:128:123:[m[K [01;36m[Knote: [m[K  types ‘[01m[Kvoid (T::)(const boost::shared_ptr<const M>&) const[m[K’ and ‘[01m[Kvoid (ArmControlGUI::)(...) &[m[K’ have incompatible cv-qualifiers
  128 |     detection_poses_sub_ = nh_.subscribe("/stereo_vision/detected_poses", 10, &ArmControlGUI::detectionPosesCallback, this[01;36m[K)[m[K;
      |                                                                                                                           [01;36m[K^[m[K
In file included from [01m[K/opt/ros/noetic/include/ros/ros.h:45[m[K,
                 from [01m[K/home/jfy/arm/catkin/src/arm_gui/include/arm_gui/arm_control_gui.h:15[m[K,
                 from [01m[K/home/jfy/arm/catkin/src/arm_gui/src/arm_control_gui.cpp:1[m[K:
[01m[K/opt/ros/noetic/include/ros/node_handle.h:529:14:[m[K [01;36m[Knote: [m[Kcandidate: ‘[01m[Ktemplate<class M, class T> ros::Subscriber ros::NodeHandle::subscribe(const string&, uint32_t, void (T::*)(M), const boost::shared_ptr<U>&, const ros::TransportHints&)[m[K’
  529 |   Subscriber [01;36m[Ksubscribe[m[K(const std::string& topic, uint32_t queue_size, void(T::*fp)(M),
      |              [01;36m[K^~~~~~~~~[m[K
[01m[K/opt/ros/noetic/include/ros/node_handle.h:529:14:[m[K [01;36m[Knote: [m[K  template argument deduction/substitution failed:
[01m[K/home/jfy/arm/catkin/src/arm_gui/src/arm_control_gui.cpp:128:123:[m[K [01;36m[Knote: [m[K  mismatched types ‘[01m[Kvoid (T::)(M)[m[K’ and ‘[01m[Kvoid (ArmControlGUI::)(...) &[m[K’
  128 |     detection_poses_sub_ = nh_.subscribe("/stereo_vision/detected_poses", 10, &ArmControlGUI::detectionPosesCallback, this[01;36m[K)[m[K;
      |                                                                                                                           [01;36m[K^[m[K
In file included from [01m[K/opt/ros/noetic/include/ros/ros.h:45[m[K,
                 from [01m[K/home/jfy/arm/catkin/src/arm_gui/include/arm_gui/arm_control_gui.h:15[m[K,
                 from [01m[K/home/jfy/arm/catkin/src/arm_gui/src/arm_control_gui.cpp:1[m[K:
[01m[K/opt/ros/noetic/include/ros/node_handle.h:540:14:[m[K [01;36m[Knote: [m[Kcandidate: ‘[01m[Ktemplate<class M, class T> ros::Subscriber ros::NodeHandle::subscribe(const string&, uint32_t, void (T::*)(M) const, const boost::shared_ptr<U>&, const ros::TransportHints&)[m[K’
  540 |   Subscriber [01;36m[Ksubscribe[m[K(const std::string& topic, uint32_t queue_size, void(T::*fp)(M) const,
      |              [01;36m[K^~~~~~~~~[m[K
[01m[K/opt/ros/noetic/include/ros/node_handle.h:540:14:[m[K [01;36m[Knote: [m[K  template argument deduction/substitution failed:
[01m[K/home/jfy/arm/catkin/src/arm_gui/src/arm_control_gui.cpp:128:123:[m[K [01;36m[Knote: [m[K  types ‘[01m[Kvoid (T::)(M) const[m[K’ and ‘[01m[Kvoid (ArmControlGUI::)(...) &[m[K’ have incompatible cv-qualifiers
  128 |     detection_poses_sub_ = nh_.subscribe("/stereo_vision/detected_poses", 10, &ArmControlGUI::detectionPosesCallback, this[01;36m[K)[m[K;
      |                                                                                                                           [01;36m[K^[m[K
In file included from [01m[K/opt/ros/noetic/include/ros/ros.h:45[m[K,
                 from [01m[K/home/jfy/arm/catkin/src/arm_gui/include/arm_gui/arm_control_gui.h:15[m[K,
                 from [01m[K/home/jfy/arm/catkin/src/arm_gui/src/arm_control_gui.cpp:1[m[K:
[01m[K/opt/ros/noetic/include/ros/node_handle.h:594:14:[m[K [01;36m[Knote: [m[Kcandidate: ‘[01m[Ktemplate<class M, class T> ros::Subscriber ros::NodeHandle::subscribe(const string&, uint32_t, void (T::*)(const boost::shared_ptr<const M>&), const boost::shared_ptr<U>&, const ros::TransportHints&)[m[K’
  594 |   Subscriber [01;36m[Ksubscribe[m[K(const std::string& topic, uint32_t queue_size,
      |              [01;36m[K^~~~~~~~~[m[K
[01m[K/opt/ros/noetic/include/ros/node_handle.h:594:14:[m[K [01;36m[Knote: [m[K  template argument deduction/substitution failed:
[01m[K/home/jfy/arm/catkin/src/arm_gui/src/arm_control_gui.cpp:128:123:[m[K [01;36m[Knote: [m[K  mismatched types ‘[01m[Kvoid (T::)(const boost::shared_ptr<const M>&)[m[K’ and ‘[01m[Kvoid (ArmControlGUI::)(...) &[m[K’
  128 |     detection_poses_sub_ = nh_.subscribe("/stereo_vision/detected_poses", 10, &ArmControlGUI::detectionPosesCallback, this[01;36m[K)[m[K;
      |                                                                                                                           [01;36m[K^[m[K
In file included from [01m[K/opt/ros/noetic/include/ros/ros.h:45[m[K,
                 from [01m[K/home/jfy/arm/catkin/src/arm_gui/include/arm_gui/arm_control_gui.h:15[m[K,
                 from [01m[K/home/jfy/arm/catkin/src/arm_gui/src/arm_control_gui.cpp:1[m[K:
[01m[K/opt/ros/noetic/include/ros/node_handle.h:605:14:[m[K [01;36m[Knote: [m[Kcandidate: ‘[01m[Ktemplate<class M, class T> ros::Subscriber ros::NodeHandle::subscribe(const string&, uint32_t, void (T::*)(const boost::shared_ptr<const M>&) const, const boost::shared_ptr<U>&, const ros::TransportHints&)[m[K’
  605 |   Subscriber [01;36m[Ksubscribe[m[K(const std::string& topic, uint32_t queue_size,
      |              [01;36m[K^~~~~~~~~[m[K
[01m[K/opt/ros/noetic/include/ros/node_handle.h:605:14:[m[K [01;36m[Knote: [m[K  template argument deduction/substitution failed:
[01m[K/home/jfy/arm/catkin/src/arm_gui/src/arm_control_gui.cpp:128:123:[m[K [01;36m[Knote: [m[K  types ‘[01m[Kvoid (T::)(const boost::shared_ptr<const M>&) const[m[K’ and ‘[01m[Kvoid (ArmControlGUI::)(...) &[m[K’ have incompatible cv-qualifiers
  128 |     detection_poses_sub_ = nh_.subscribe("/stereo_vision/detected_poses", 10, &ArmControlGUI::detectionPosesCallback, this[01;36m[K)[m[K;
      |                                                                                                                           [01;36m[K^[m[K
In file included from [01m[K/opt/ros/noetic/include/ros/ros.h:45[m[K,
                 from [01m[K/home/jfy/arm/catkin/src/arm_gui/include/arm_gui/arm_control_gui.h:15[m[K,
                 from [01m[K/home/jfy/arm/catkin/src/arm_gui/src/arm_control_gui.cpp:1[m[K:
[01m[K/opt/ros/noetic/include/ros/node_handle.h:656:14:[m[K [01;36m[Knote: [m[Kcandidate: ‘[01m[Ktemplate<class M> ros::Subscriber ros::NodeHandle::subscribe(const string&, uint32_t, void (*)(M), const ros::TransportHints&)[m[K’
  656 |   Subscriber [01;36m[Ksubscribe[m[K(const std::string& topic, uint32_t queue_size, void(*fp)(M), const TransportHints& transport_hints = TransportHints())
      |              [01;36m[K^~~~~~~~~[m[K
[01m[K/opt/ros/noetic/include/ros/node_handle.h:656:14:[m[K [01;36m[Knote: [m[K  template argument deduction/substitution failed:
[01m[K/home/jfy/arm/catkin/src/arm_gui/src/arm_control_gui.cpp:128:123:[m[K [01;36m[Knote: [m[K  mismatched types ‘[01m[Kvoid (*)(M)[m[K’ and ‘[01m[Kvoid (ArmControlGUI::*)(...) &[m[K’
  128 |     detection_poses_sub_ = nh_.subscribe("/stereo_vision/detected_poses", 10, &ArmControlGUI::detectionPosesCallback, this[01;36m[K)[m[K;
      |                                                                                                                           [01;36m[K^[m[K
In file included from [01m[K/opt/ros/noetic/include/ros/ros.h:45[m[K,
                 from [01m[K/home/jfy/arm/catkin/src/arm_gui/include/arm_gui/arm_control_gui.h:15[m[K,
                 from [01m[K/home/jfy/arm/catkin/src/arm_gui/src/arm_control_gui.cpp:1[m[K:
[01m[K/opt/ros/noetic/include/ros/node_handle.h:704:14:[m[K [01;36m[Knote: [m[Kcandidate: ‘[01m[Ktemplate<class M> ros::Subscriber ros::NodeHandle::subscribe(const string&, uint32_t, void (*)(const boost::shared_ptr<const M>&), const ros::TransportHints&)[m[K’
  704 |   Subscriber [01;36m[Ksubscribe[m[K(const std::string& topic, uint32_t queue_size, void(*fp)(const boost::shared_ptr<M const>&), const TransportHints& transport_hints = TransportHints())
      |              [01;36m[K^~~~~~~~~[m[K
[01m[K/opt/ros/noetic/include/ros/node_handle.h:704:14:[m[K [01;36m[Knote: [m[K  template argument deduction/substitution failed:
[01m[K/home/jfy/arm/catkin/src/arm_gui/src/arm_control_gui.cpp:128:123:[m[K [01;36m[Knote: [m[K  mismatched types ‘[01m[Kvoid (*)(const boost::shared_ptr<const M>&)[m[K’ and ‘[01m[Kvoid (ArmControlGUI::*)(...) &[m[K’
  128 |     detection_poses_sub_ = nh_.subscribe("/stereo_vision/detected_poses", 10, &ArmControlGUI::detectionPosesCallback, this[01;36m[K)[m[K;
      |                                                                                                                           [01;36m[K^[m[K
In file included from [01m[K/opt/ros/noetic/include/ros/ros.h:45[m[K,
                 from [01m[K/home/jfy/arm/catkin/src/arm_gui/include/arm_gui/arm_control_gui.h:15[m[K,
                 from [01m[K/home/jfy/arm/catkin/src/arm_gui/src/arm_control_gui.cpp:1[m[K:
[01m[K/opt/ros/noetic/include/ros/node_handle.h:750:14:[m[K [01;36m[Knote: [m[Kcandidate: ‘[01m[Ktemplate<class M> ros::Subscriber ros::NodeHandle::subscribe(const string&, uint32_t, const boost::function<void(const boost::shared_ptr<const M>&)>&, const VoidConstPtr&, const ros::TransportHints&)[m[K’
  750 |   Subscriber [01;36m[Ksubscribe[m[K(const std::string& topic, uint32_t queue_size, const boost::function<void (const boost::shared_ptr<M const>&)>& callback,
      |              [01;36m[K^~~~~~~~~[m[K
[01m[K/opt/ros/noetic/include/ros/node_handle.h:750:14:[m[K [01;36m[Knote: [m[K  template argument deduction/substitution failed:
[01m[K/home/jfy/arm/catkin/src/arm_gui/src/arm_control_gui.cpp:128:123:[m[K [01;36m[Knote: [m[K  mismatched types ‘[01m[Kconst boost::function<void(const boost::shared_ptr<const M>&)>[m[K’ and ‘[01m[Kvoid (ArmControlGUI::*)(...) &[m[K’
  128 |     detection_poses_sub_ = nh_.subscribe("/stereo_vision/detected_poses", 10, &ArmControlGUI::detectionPosesCallback, this[01;36m[K)[m[K;
      |                                                                                                                           [01;36m[K^[m[K
In file included from [01m[K/opt/ros/noetic/include/ros/ros.h:45[m[K,
                 from [01m[K/home/jfy/arm/catkin/src/arm_gui/include/arm_gui/arm_control_gui.h:15[m[K,
                 from [01m[K/home/jfy/arm/catkin/src/arm_gui/src/arm_control_gui.cpp:1[m[K:
[01m[K/opt/ros/noetic/include/ros/node_handle.h:799:14:[m[K [01;36m[Knote: [m[Kcandidate: ‘[01m[Ktemplate<class M, class C> ros::Subscriber ros::NodeHandle::subscribe(const string&, uint32_t, const boost::function<void(C)>&, const VoidConstPtr&, const ros::TransportHints&)[m[K’
  799 |   Subscriber [01;36m[Ksubscribe[m[K(const std::string& topic, uint32_t queue_size, const boost::function<void (C)>& callback,
      |              [01;36m[K^~~~~~~~~[m[K
[01m[K/opt/ros/noetic/include/ros/node_handle.h:799:14:[m[K [01;36m[Knote: [m[K  template argument deduction/substitution failed:
[01m[K/home/jfy/arm/catkin/src/arm_gui/src/arm_control_gui.cpp:128:123:[m[K [01;36m[Knote: [m[K  mismatched types ‘[01m[Kconst boost::function<void(C)>[m[K’ and ‘[01m[Kvoid (ArmControlGUI::*)(...) &[m[K’
  128 |     detection_poses_sub_ = nh_.subscribe("/stereo_vision/detected_poses", 10, &ArmControlGUI::detectionPosesCallback, this[01;36m[K)[m[K;
      |                                                                                                                           [01;36m[K^[m[K
In file included from [01m[K/opt/ros/noetic/include/ros/ros.h:45[m[K,
                 from [01m[K/home/jfy/arm/catkin/src/arm_gui/include/arm_gui/arm_control_gui.h:15[m[K,
                 from [01m[K/home/jfy/arm/catkin/src/arm_gui/src/arm_control_gui.cpp:1[m[K:
[01m[K/opt/ros/noetic/include/ros/node_handle.h:836:14:[m[K [01;36m[Knote: [m[Kcandidate: ‘[01m[Kros::Subscriber ros::NodeHandle::subscribe(ros::SubscribeOptions&)[m[K’
  836 |   Subscriber [01;36m[Ksubscribe[m[K(SubscribeOptions& ops);
      |              [01;36m[K^~~~~~~~~[m[K
[01m[K/opt/ros/noetic/include/ros/node_handle.h:836:14:[m[K [01;36m[Knote: [m[K  candidate expects 1 argument, 4 provided
[01m[K/home/jfy/arm/catkin/src/arm_gui/src/arm_control_gui.cpp:[m[K At global scope:
[01m[K/home/jfy/arm/catkin/src/arm_gui/src/arm_control_gui.cpp:416:6:[m[K [01;31m[Kerror: [m[Kno declaration matches ‘[01m[Kvoid ArmControlGUI::detectionPosesCallback(const ConstPtr&)[m[K’
  416 | void [01;31m[KArmControlGUI[m[K::detectionPosesCallback(const geometry_msgs::PoseArray::ConstPtr& msg)
      |      [01;31m[K^~~~~~~~~~~~~[m[K
In file included from [01m[K/home/jfy/arm/catkin/src/arm_gui/src/arm_control_gui.cpp:1[m[K:
[01m[K/home/jfy/arm/catkin/src/arm_gui/include/arm_gui/arm_control_gui.h:132:10:[m[K [01;36m[Knote: [m[Kcandidate is: ‘[01m[Kvoid ArmControlGUI::detectionPosesCallback(...) &[m[K’
  132 |     void [01;36m[KdetectionPosesCallback[m[K(const geometry_msgs::PoseArray::ConstPtr& msg);
      |          [01;36m[K^~~~~~~~~~~~~~~~~~~~~~[m[K
[01m[K/home/jfy/arm/catkin/src/arm_gui/include/arm_gui/arm_control_gui.h:28:7:[m[K [01;36m[Knote: [m[K‘[01m[Kclass ArmControlGUI[m[K’ defined here
   28 | class [01;36m[KArmControlGUI[m[K : public QMainWindow {
      |       [01;36m[K^~~~~~~~~~~~~[m[K
[01m[K/home/jfy/arm/catkin/src/arm_gui/src/arm_control_gui.cpp:[m[K In member function ‘[01m[Kvoid ArmControlGUI::logMessage(const QString&)[m[K’:
[01m[K/home/jfy/arm/catkin/src/arm_gui/src/arm_control_gui.cpp:674:15:[m[K [01;31m[Kerror: [m[Kvariable ‘[01m[KQDateTime now[m[K’ has initializer but incomplete type
  674 |     QDateTime [01;31m[Know[m[K = QDateTime::currentDateTime();
      |               [01;31m[K^~~[m[K
[01m[K/home/jfy/arm/catkin/src/arm_gui/src/arm_control_gui.cpp:674:32:[m[K [01;31m[Kerror: [m[Kincomplete type ‘[01m[KQDateTime[m[K’ used in nested name specifier
  674 |     QDateTime now = QDateTime::[01;31m[KcurrentDateTime[m[K();
      |                                [01;31m[K^~~~~~~~~~~~~~~[m[K
[01m[K/home/jfy/arm/catkin/src/arm_gui/src/arm_control_gui.cpp:681:41:[m[K [01;31m[Kerror: [m[Kinvalid use of incomplete type ‘[01m[Kclass QScrollBar[m[K’
  681 |     ui->logTextEdit->verticalScrollBar()[01;31m[K->[m[KsetValue(ui->logTextEdit->verticalScrollBar()->maximum());
      |                                         [01;31m[K^~[m[K
In file included from [01m[K/usr/include/x86_64-linux-gnu/qt5/QtWidgets/qabstractitemview.h:44[m[K,
                 from [01m[K/usr/include/x86_64-linux-gnu/qt5/QtWidgets/qtableview.h:44[m[K,
                 from [01m[K/usr/include/x86_64-linux-gnu/qt5/QtWidgets/qtablewidget.h:44[m[K,
                 from [01m[K/usr/include/x86_64-linux-gnu/qt5/QtWidgets/QTableWidget:1[m[K,
                 from [01m[K/home/jfy/arm/catkin/src/arm_gui/include/arm_gui/arm_control_gui.h:11[m[K,
                 from [01m[K/home/jfy/arm/catkin/src/arm_gui/src/arm_control_gui.cpp:1[m[K:
[01m[K/usr/include/x86_64-linux-gnu/qt5/QtWidgets/qabstractscrollarea.h:52:7:[m[K [01;36m[Knote: [m[Kforward declaration of ‘[01m[Kclass QScrollBar[m[K’
   52 | class [01;36m[KQScrollBar[m[K;
      |       [01;36m[K^~~~~~~~~~[m[K
[01m[K/home/jfy/arm/catkin/src/arm_gui/src/arm_control_gui.cpp:681:88:[m[K [01;31m[Kerror: [m[Kinvalid use of incomplete type ‘[01m[Kclass QScrollBar[m[K’
  681 |     ui->logTextEdit->verticalScrollBar()->setValue(ui->logTextEdit->verticalScrollBar()[01;31m[K->[m[Kmaximum());
      |                                                                                        [01;31m[K^~[m[K
In file included from [01m[K/usr/include/x86_64-linux-gnu/qt5/QtWidgets/qabstractitemview.h:44[m[K,
                 from [01m[K/usr/include/x86_64-linux-gnu/qt5/QtWidgets/qtableview.h:44[m[K,
                 from [01m[K/usr/include/x86_64-linux-gnu/qt5/QtWidgets/qtablewidget.h:44[m[K,
                 from [01m[K/usr/include/x86_64-linux-gnu/qt5/QtWidgets/QTableWidget:1[m[K,
                 from [01m[K/home/jfy/arm/catkin/src/arm_gui/include/arm_gui/arm_control_gui.h:11[m[K,
                 from [01m[K/home/jfy/arm/catkin/src/arm_gui/src/arm_control_gui.cpp:1[m[K:
[01m[K/usr/include/x86_64-linux-gnu/qt5/QtWidgets/qabstractscrollarea.h:52:7:[m[K [01;36m[Knote: [m[Kforward declaration of ‘[01m[Kclass QScrollBar[m[K’
   52 | class [01;36m[KQScrollBar[m[K;
      |       [01;36m[K^~~~~~~~~~[m[K
make[2]: *** [CMakeFiles/arm_gui.dir/build.make:92: CMakeFiles/arm_gui.dir/src/arm_control_gui.cpp.o] Error 1
make[1]: *** [CMakeFiles/Makefile2:274: CMakeFiles/arm_gui.dir/all] Error 2
make: *** [Makefile:141: all] Error 2
